
SQL*Loader: Release 21.0.0.0.0 - Production on Sat Aug 3 10:04:03 2024
Version 21.3.0.0.0

Copyright (c) 1982, 2021, Oracle and/or its affiliates.  All rights reserved.

Control File:   ./control/address.ctl
Data File:      pincode.csv
  Bad File:     ./control/pincode.bad
  Discard File:  none specified
 
 (Allow all discards)

Number to load: ALL
Number to skip: 0
Errors allowed: 50
Bind array:     250 rows, maximum of 1048576 bytes
Continuation:    none specified
Path used:      Conventional

Table ADDRESS, loaded from every logical record.
Insert option in effect for this table: APPEND
TRAILING NULLCOLS option in effect

   Column Name                  Position   Len  Term Encl Datatype
------------------------------ ---------- ----- ---- ---- ---------------------
PINCODE                             FIRST     *   ,  O(") CHARACTER            


Table ADDRESS:
  1000 Rows successfully loaded.
  0 Rows not loaded due to data errors.
  0 Rows not loaded because all WHEN clauses were failed.
  0 Rows not loaded because all fields were null.


Space allocated for bind array:                  64500 bytes(250 rows)
Read   buffer bytes: 1048576

Total logical records skipped:          0
Total logical records read:          1000
Total logical records rejected:         0
Total logical records discarded:        0

Run began on Sat Aug 03 10:04:03 2024
Run ended on Sat Aug 03 10:04:04 2024

Elapsed time was:     00:00:00.39
CPU time was:         00:00:00.19
